<?xml version="1.0" encoding="UTF-8"?>
<coverage generated="1489522241406" clover="3.2.0">
  <project timestamp="1489522241406" name="All files">
    <metrics statements="26" coveredstatements="8" conditionals="23" coveredconditionals="6" methods="11" coveredmethods="4" elements="60" coveredelements="18" complexity="0" loc="26" ncloc="26" packages="1" files="3" classes="3">
      <file name="listing-contracted.js" path="/Users/Steph/Civic-Tech/begood-nyc/views/react/listing-contracted.js">
        <metrics statements="5" coveredstatements="0" conditionals="5" coveredconditionals="0" methods="2" coveredmethods="0"/>
        <line num="8" count="0" type="stmt"/>
        <line num="13" count="0" type="stmt"/>
        <line num="15" count="0" type="stmt"/>
        <line num="16" count="0" type="stmt"/>
        <line num="33" count="0" type="stmt"/>
      </file>
      <file name="listing-expanded.js" path="/Users/Steph/Civic-Tech/begood-nyc/views/react/listing-expanded.js">
        <metrics statements="7" coveredstatements="0" conditionals="10" coveredconditionals="0" methods="4" coveredmethods="0"/>
        <line num="9" count="0" type="stmt"/>
        <line num="13" count="0" type="stmt"/>
        <line num="17" count="0" type="stmt"/>
        <line num="18" count="0" type="stmt"/>
        <line num="19" count="0" type="stmt"/>
        <line num="20" count="0" type="stmt"/>
        <line num="25" count="0" type="stmt"/>
      </file>
      <file name="listings.js" path="/Users/Steph/Civic-Tech/begood-nyc/views/react/listings.js">
        <metrics statements="14" coveredstatements="8" conditionals="8" coveredconditionals="6" methods="5" coveredmethods="4"/>
        <line num="12" count="3" type="stmt"/>
        <line num="13" count="3" type="stmt"/>
        <line num="20" count="0" type="stmt"/>
        <line num="21" count="0" type="stmt"/>
        <line num="22" count="0" type="stmt"/>
        <line num="23" count="0" type="stmt"/>
        <line num="25" count="0" type="stmt"/>
        <line num="26" count="0" type="stmt"/>
        <line num="31" count="3" type="stmt"/>
        <line num="32" count="3" type="stmt"/>
        <line num="34" count="3" type="stmt"/>
        <line num="35" count="1" type="stmt"/>
        <line num="41" count="2" type="stmt"/>
        <line num="50" count="3" type="stmt"/>
      </file>
    </metrics>
  </project>
</coverage>
