{"/Users/Steph/Civic-Tech/begood-nyc/views/react/listing-contracted.js": {"path":"/Users/Steph/Civic-Tech/begood-nyc/views/react/listing-contracted.js","statementMap":{"0":{"start":{"line":8,"column":4},"end":{"line":8,"column":17}},"1":{"start":{"line":13,"column":15},"end":{"line":13,"column":39}},"2":{"start":{"line":15,"column":3},"end":{"line":48,"column":5}},"3":{"start":{"line":16,"column":4},"end":{"line":30,"column":13}},"4":{"start":{"line":33,"column":4},"end":{"line":47,"column":13}}},"fnMap":{"0":{"name":"(anonymous_0)","decl":{"start":{"line":7,"column":2},"end":{"line":7,"column":3}},"loc":{"start":{"line":7,"column":20},"end":{"line":9,"column":3}}},"1":{"name":"(anonymous_1)","decl":{"start":{"line":11,"column":2},"end":{"line":11,"column":3}},"loc":{"start":{"line":11,"column":11},"end":{"line":49,"column":3}}}},"branchMap":{"0":{"loc":{"start":{"line":15,"column":3},"end":{"line":48,"column":5}},"type":"if","locations":[{"start":{"line":15,"column":3},"end":{"line":48,"column":5}},{"start":{"line":15,"column":3},"end":{"line":48,"column":5}}]},"1":{"loc":{"start":{"line":15,"column":6},"end":{"line":15,"column":83}},"type":"binary-expr","locations":[{"start":{"line":15,"column":6},"end":{"line":15,"column":40}},{"start":{"line":15,"column":44},"end":{"line":15,"column":61}},{"start":{"line":15,"column":65},"end":{"line":15,"column":83}}]}},"s":{"0":0,"1":0,"2":0,"3":0,"4":0},"f":{"0":0,"1":0},"b":{"0":[0,0],"1":[0,0,0]},"_coverageSchema":"332fd63041d2c1bcb487cc26dd0d5f7d97098a6c","hash":"21fe64d235bbb8e634b1b859350d469a894bd328"}
,"/Users/Steph/Civic-Tech/begood-nyc/views/react/listing-expanded.js": {"path":"/Users/Steph/Civic-Tech/begood-nyc/views/react/listing-expanded.js","statementMap":{"0":{"start":{"line":9,"column":4},"end":{"line":9,"column":17}},"1":{"start":{"line":13,"column":4},"end":{"line":13,"column":52}},"2":{"start":{"line":17,"column":17},"end":{"line":17,"column":54}},"3":{"start":{"line":18,"column":8},"end":{"line":21,"column":9}},"4":{"start":{"line":19,"column":23},"end":{"line":19,"column":52}},"5":{"start":{"line":20,"column":12},"end":{"line":20,"column":50}},"6":{"start":{"line":25,"column":4},"end":{"line":64,"column":5}}},"fnMap":{"0":{"name":"(anonymous_0)","decl":{"start":{"line":8,"column":2},"end":{"line":8,"column":3}},"loc":{"start":{"line":8,"column":20},"end":{"line":10,"column":3}}},"1":{"name":"(anonymous_1)","decl":{"start":{"line":12,"column":2},"end":{"line":12,"column":3}},"loc":{"start":{"line":12,"column":19},"end":{"line":14,"column":3}}},"2":{"name":"(anonymous_2)","decl":{"start":{"line":16,"column":2},"end":{"line":16,"column":3}},"loc":{"start":{"line":16,"column":22},"end":{"line":22,"column":3}}},"3":{"name":"(anonymous_3)","decl":{"start":{"line":24,"column":2},"end":{"line":24,"column":3}},"loc":{"start":{"line":24,"column":11},"end":{"line":65,"column":3}}}},"branchMap":{"0":{"loc":{"start":{"line":13,"column":11},"end":{"line":13,"column":51}},"type":"cond-expr","locations":[{"start":{"line":13,"column":29},"end":{"line":13,"column":33}},{"start":{"line":13,"column":36},"end":{"line":13,"column":51}}]},"1":{"loc":{"start":{"line":18,"column":8},"end":{"line":21,"column":9}},"type":"if","locations":[{"start":{"line":18,"column":8},"end":{"line":21,"column":9}},{"start":{"line":18,"column":8},"end":{"line":21,"column":9}}]},"2":{"loc":{"start":{"line":20,"column":12},"end":{"line":20,"column":49}},"type":"cond-expr","locations":[{"start":{"line":20,"column":19},"end":{"line":20,"column":44}},{"start":{"line":20,"column":47},"end":{"line":20,"column":49}}]},"3":{"loc":{"start":{"line":48,"column":11},"end":{"line":54,"column":13}},"type":"cond-expr","locations":[{"start":{"line":49,"column":13},"end":{"line":53,"column":20}},{"start":{"line":54,"column":11},"end":{"line":54,"column":13}}]},"4":{"loc":{"start":{"line":56,"column":11},"end":{"line":62,"column":13}},"type":"cond-expr","locations":[{"start":{"line":57,"column":13},"end":{"line":61,"column":20}},{"start":{"line":62,"column":11},"end":{"line":62,"column":13}}]}},"s":{"0":0,"1":0,"2":0,"3":0,"4":0,"5":0,"6":0},"f":{"0":0,"1":0,"2":0,"3":0},"b":{"0":[0,0],"1":[0,0],"2":[0,0],"3":[0,0],"4":[0,0]},"_coverageSchema":"332fd63041d2c1bcb487cc26dd0d5f7d97098a6c","hash":"cba0b8199c6290a5b9a6b779f5edc58c5ea26ad7"}
,"/Users/Steph/Civic-Tech/begood-nyc/views/react/listings.js": {"path":"/Users/Steph/Civic-Tech/begood-nyc/views/react/listings.js","statementMap":{"0":{"start":{"line":12,"column":4},"end":{"line":12,"column":17}},"1":{"start":{"line":13,"column":4},"end":{"line":16,"column":5}},"2":{"start":{"line":20,"column":4},"end":{"line":20,"column":33}},"3":{"start":{"line":21,"column":4},"end":{"line":27,"column":5}},"4":{"start":{"line":22,"column":6},"end":{"line":22,"column":39}},"5":{"start":{"line":23,"column":6},"end":{"line":23,"column":59}},"6":{"start":{"line":25,"column":6},"end":{"line":25,"column":31}},"7":{"start":{"line":26,"column":6},"end":{"line":26,"column":47}},"8":{"start":{"line":31,"column":4},"end":{"line":46,"column":48}},"9":{"start":{"line":32,"column":20},"end":{"line":32,"column":39}},"10":{"start":{"line":34,"column":5},"end":{"line":45,"column":6}},"11":{"start":{"line":35,"column":7},"end":{"line":39,"column":7}},"12":{"start":{"line":41,"column":7},"end":{"line":44,"column":18}},"13":{"start":{"line":50,"column":4},"end":{"line":54,"column":5}}},"fnMap":{"0":{"name":"(anonymous_0)","decl":{"start":{"line":11,"column":2},"end":{"line":11,"column":3}},"loc":{"start":{"line":11,"column":20},"end":{"line":17,"column":3}}},"1":{"name":"(anonymous_1)","decl":{"start":{"line":19,"column":2},"end":{"line":19,"column":3}},"loc":{"start":{"line":19,"column":19},"end":{"line":28,"column":3}}},"2":{"name":"(anonymous_2)","decl":{"start":{"line":30,"column":2},"end":{"line":30,"column":3}},"loc":{"start":{"line":30,"column":27},"end":{"line":47,"column":3}}},"3":{"name":"(anonymous_3)","decl":{"start":{"line":31,"column":46},"end":{"line":31,"column":47}},"loc":{"start":{"line":31,"column":62},"end":{"line":46,"column":5}}},"4":{"name":"(anonymous_4)","decl":{"start":{"line":49,"column":2},"end":{"line":49,"column":3}},"loc":{"start":{"line":49,"column":11},"end":{"line":55,"column":3}}}},"branchMap":{"0":{"loc":{"start":{"line":21,"column":4},"end":{"line":27,"column":5}},"type":"if","locations":[{"start":{"line":21,"column":4},"end":{"line":27,"column":5}},{"start":{"line":21,"column":4},"end":{"line":27,"column":5}}]},"1":{"loc":{"start":{"line":31,"column":11},"end":{"line":46,"column":47}},"type":"cond-expr","locations":[{"start":{"line":31,"column":33},"end":{"line":46,"column":6}},{"start":{"line":46,"column":10},"end":{"line":46,"column":46}}]},"2":{"loc":{"start":{"line":34,"column":5},"end":{"line":45,"column":6}},"type":"if","locations":[{"start":{"line":34,"column":5},"end":{"line":45,"column":6}},{"start":{"line":34,"column":5},"end":{"line":45,"column":6}}]},"3":{"loc":{"start":{"line":34,"column":8},"end":{"line":34,"column":75}},"type":"binary-expr","locations":[{"start":{"line":34,"column":8},"end":{"line":34,"column":35}},{"start":{"line":34,"column":39},"end":{"line":34,"column":75}}]}},"s":{"0":3,"1":3,"2":0,"3":0,"4":0,"5":0,"6":0,"7":0,"8":3,"9":3,"10":3,"11":1,"12":2,"13":3},"f":{"0":3,"1":0,"2":3,"3":3,"4":3},"b":{"0":[0,0],"1":[2,1],"2":[1,2],"3":[3,2]},"_coverageSchema":"332fd63041d2c1bcb487cc26dd0d5f7d97098a6c","hash":"6cdd7b63608d8593e6bc3693489616b25296c4bf"}
}
